<?xml version="1.0" encoding="UTF-8"?>
<testsuite name="com.mindex.challenge.service.impl.EmployeeServiceImplTest" tests="1" skipped="0" failures="0" errors="0" timestamp="2020-11-20T17:22:44" hostname="LAPTOP-U0J2GBDT" time="0.264">
  <properties/>
  <testcase name="testCreateReadUpdate" classname="com.mindex.challenge.service.impl.EmployeeServiceImplTest" time="0.264"/>
  <system-out><![CDATA[2020-11-20 12:22:42.680  INFO 37876 --- [    Test worker] .b.t.c.SpringBootTestContextBootstrapper : Neither @ContextConfiguration nor @ContextHierarchy found for test class [com.mindex.challenge.service.impl.EmployeeServiceImplTest], using SpringBootContextLoader
2020-11-20 12:22:42.682  INFO 37876 --- [    Test worker] o.s.t.c.support.AbstractContextLoader    : Could not detect default resource locations for test class [com.mindex.challenge.service.impl.EmployeeServiceImplTest]: no resource found for suffixes {-context.xml, Context.groovy}.
2020-11-20 12:22:42.683  INFO 37876 --- [    Test worker] t.c.s.AnnotationConfigContextLoaderUtils : Could not detect default configuration classes for test class [com.mindex.challenge.service.impl.EmployeeServiceImplTest]: EmployeeServiceImplTest does not declare any static, non-private, non-final, nested classes annotated with @Configuration.
2020-11-20 12:22:42.721  INFO 37876 --- [    Test worker] .b.t.c.SpringBootTestContextBootstrapper : Found @SpringBootConfiguration com.mindex.challenge.ChallengeApplication for test class com.mindex.challenge.service.impl.EmployeeServiceImplTest
2020-11-20 12:22:42.723  INFO 37876 --- [    Test worker] .b.t.c.SpringBootTestContextBootstrapper : Loaded default TestExecutionListener class names from location [META-INF/spring.factories]: [org.springframework.boot.test.autoconfigure.restdocs.RestDocsTestExecutionListener, org.springframework.boot.test.autoconfigure.web.client.MockRestServiceServerResetTestExecutionListener, org.springframework.boot.test.autoconfigure.web.servlet.MockMvcPrintOnlyOnFailureTestExecutionListener, org.springframework.boot.test.autoconfigure.web.servlet.WebDriverTestExecutionListener, org.springframework.boot.test.mock.mockito.MockitoTestExecutionListener, org.springframework.boot.test.mock.mockito.ResetMocksTestExecutionListener, org.springframework.test.context.web.ServletTestExecutionListener, org.springframework.test.context.support.DirtiesContextBeforeModesTestExecutionListener, org.springframework.test.context.support.DependencyInjectionTestExecutionListener, org.springframework.test.context.support.DirtiesContextTestExecutionListener, org.springframework.test.context.transaction.TransactionalTestExecutionListener, org.springframework.test.context.jdbc.SqlScriptsTestExecutionListener, org.springframework.test.context.event.EventPublishingTestExecutionListener]
2020-11-20 12:22:42.724  INFO 37876 --- [    Test worker] .b.t.c.SpringBootTestContextBootstrapper : Using TestExecutionListeners: [org.springframework.test.context.web.ServletTestExecutionListener@36e94f8d, org.springframework.test.context.support.DirtiesContextBeforeModesTestExecutionListener@56ef8a8a, org.springframework.boot.test.mock.mockito.MockitoTestExecutionListener@4047fa73, org.springframework.boot.test.autoconfigure.SpringBootDependencyInjectionTestExecutionListener@45beae3c, org.springframework.test.context.support.DirtiesContextTestExecutionListener@39d71421, org.springframework.test.context.transaction.TransactionalTestExecutionListener@1346624b, org.springframework.test.context.jdbc.SqlScriptsTestExecutionListener@6c2d8632, org.springframework.test.context.event.EventPublishingTestExecutionListener@5c520ac5, org.springframework.boot.test.autoconfigure.restdocs.RestDocsTestExecutionListener@5d257b72, org.springframework.boot.test.autoconfigure.web.client.MockRestServiceServerResetTestExecutionListener@7dd10ea7, org.springframework.boot.test.autoconfigure.web.servlet.MockMvcPrintOnlyOnFailureTestExecutionListener@7dcd0b39, org.springframework.boot.test.autoconfigure.web.servlet.WebDriverTestExecutionListener@31852267, org.springframework.boot.test.mock.mockito.ResetMocksTestExecutionListener@478d31ce]

  .   ____          _            __ _ _
 /\\ / ___'_ __ _ _(_)_ __  __ _ \ \ \ \
( ( )\___ | '_ | '_| | '_ \/ _` | \ \ \ \
 \\/  ___)| |_)| | | | | || (_| |  ) ) ) )
  '  |____| .__|_| |_|_| |_\__, | / / / /
 =========|_|==============|___/=/_/_/_/
 :: Spring Boot ::        (v2.2.0.RELEASE)

2020-11-20 12:22:42.780  INFO 37876 --- [    Test worker] c.m.c.s.impl.EmployeeServiceImplTest     : Starting EmployeeServiceImplTest on LAPTOP-U0J2GBDT with PID 37876 (started by ejack in D:\Documents\Code Projects\mindex-java-code-challenge)
2020-11-20 12:22:42.780 DEBUG 37876 --- [    Test worker] c.m.c.s.impl.EmployeeServiceImplTest     : Running with Spring Boot v2.2.0.RELEASE, Spring v5.2.0.RELEASE
2020-11-20 12:22:42.781  INFO 37876 --- [    Test worker] c.m.c.s.impl.EmployeeServiceImplTest     : No active profile set, falling back to default profiles: default
2020-11-20 12:22:42.970  INFO 37876 --- [    Test worker] .s.d.r.c.RepositoryConfigurationDelegate : Bootstrapping Spring Data repositories in DEFAULT mode.
2020-11-20 12:22:42.978  INFO 37876 --- [    Test worker] .s.d.r.c.RepositoryConfigurationDelegate : Finished Spring Data repository scanning in 7ms. Found 1 repository interfaces.
2020-11-20 12:22:43.313  INFO 37876 --- [    Test worker] o.s.b.w.embedded.tomcat.TomcatWebServer  : Tomcat initialized with port(s): 0 (http)
2020-11-20 12:22:43.329  INFO 37876 --- [    Test worker] o.apache.catalina.core.StandardService   : Starting service [Tomcat]
2020-11-20 12:22:43.330  INFO 37876 --- [    Test worker] org.apache.catalina.core.StandardEngine  : Starting Servlet engine: [Apache Tomcat/9.0.27]
2020-11-20 12:22:43.472  INFO 37876 --- [    Test worker] o.a.c.c.C.[Tomcat].[localhost].[/]       : Initializing Spring embedded WebApplicationContext
2020-11-20 12:22:43.473  INFO 37876 --- [    Test worker] o.s.web.context.ContextLoader            : Root WebApplicationContext: initialization completed in 675 ms
2020-11-20 12:22:43.665  INFO 37876 --- [    Test worker] de.bwaldvogel.mongo.MongoServer          : started MongoServer(port: 54163, ssl: false)
2020-11-20 12:22:43.669  INFO 37876 --- [    Test worker] org.mongodb.driver.cluster               : Cluster created with settings {hosts=[127.0.0.1:54163], mode=SINGLE, requiredClusterType=UNKNOWN, serverSelectionTimeout='30000 ms', maxWaitQueueSize=500}
2020-11-20 12:22:43.675  INFO 37876 --- [-server-worker1] d.b.mongo.wire.MongoWireProtocolHandler  : client [id: 0xd5453ac8, L:/127.0.0.1:54163 - R:/127.0.0.1:54165] connected
2020-11-20 12:22:43.691  WARN 37876 --- [    Test worker] o.s.data.convert.CustomConversions       : Registering converter from class java.time.LocalDateTime to class java.time.Instant as reading converter although it doesn't convert from a store-supported type! You might wanna check you annotation setup at the converter implementation.
2020-11-20 12:22:43.692  WARN 37876 --- [    Test worker] o.s.data.convert.CustomConversions       : Registering converter from class java.time.Instant to class java.time.LocalDateTime as reading converter although it doesn't convert from a store-supported type! You might wanna check you annotation setup at the converter implementation.
2020-11-20 12:22:43.697  WARN 37876 --- [    Test worker] o.s.data.convert.CustomConversions       : Registering converter from class java.time.LocalDateTime to class java.time.Instant as reading converter although it doesn't convert from a store-supported type! You might wanna check you annotation setup at the converter implementation.
2020-11-20 12:22:43.697  WARN 37876 --- [    Test worker] o.s.data.convert.CustomConversions       : Registering converter from class java.time.Instant to class java.time.LocalDateTime as reading converter although it doesn't convert from a store-supported type! You might wanna check you annotation setup at the converter implementation.
2020-11-20 12:22:43.719  INFO 37876 --- [127.0.0.1:54163] org.mongodb.driver.connection            : Opened connection [connectionId{localValue:3}] to 127.0.0.1:54163
2020-11-20 12:22:43.721  INFO 37876 --- [127.0.0.1:54163] org.mongodb.driver.cluster               : Monitor thread successfully connected to server with description ServerDescription{address=127.0.0.1:54163, type=STANDALONE, state=CONNECTED, ok=true, version=ServerVersion{versionList=[3, 0, 0]}, minWireVersion=0, maxWireVersion=2, maxDocumentSize=16777216, logicalSessionTimeoutMinutes=null, roundTripTimeNanos=1344400}
2020-11-20 12:22:43.790  INFO 37876 --- [-server-worker2] d.b.mongo.wire.MongoWireProtocolHandler  : client [id: 0x14181174, L:/127.0.0.1:54163 - R:/127.0.0.1:54166] connected
2020-11-20 12:22:43.806  INFO 37876 --- [    Test worker] org.mongodb.driver.connection            : Opened connection [connectionId{localValue:4}] to 127.0.0.1:54163
2020-11-20 12:22:43.807  INFO 37876 --- [-server-worker2] d.b.mongo.backend.AbstractMongoBackend   : created database test
2020-11-20 12:22:43.808  INFO 37876 --- [-server-worker2] d.b.mongo.backend.AbstractMongoDatabase  : adding unique _id index for collection employee
2020-11-20 12:22:43.808  INFO 37876 --- [-server-worker2] d.b.mongo.backend.AbstractMongoDatabase  : created collection test.employee
2020-11-20 12:22:43.994  INFO 37876 --- [    Test worker] o.s.s.concurrent.ThreadPoolTaskExecutor  : Initializing ExecutorService 'applicationTaskExecutor'
2020-11-20 12:22:44.131  WARN 37876 --- [    Test worker] o.s.data.convert.CustomConversions       : Registering converter from class java.time.LocalDateTime to class java.time.Instant as reading converter although it doesn't convert from a store-supported type! You might wanna check you annotation setup at the converter implementation.
2020-11-20 12:22:44.131  WARN 37876 --- [    Test worker] o.s.data.convert.CustomConversions       : Registering converter from class java.time.Instant to class java.time.LocalDateTime as reading converter although it doesn't convert from a store-supported type! You might wanna check you annotation setup at the converter implementation.
2020-11-20 12:22:44.145  WARN 37876 --- [    Test worker] o.s.data.convert.CustomConversions       : Registering converter from class java.time.LocalDateTime to class java.time.Instant as reading converter although it doesn't convert from a store-supported type! You might wanna check you annotation setup at the converter implementation.
2020-11-20 12:22:44.146  WARN 37876 --- [    Test worker] o.s.data.convert.CustomConversions       : Registering converter from class java.time.Instant to class java.time.LocalDateTime as reading converter although it doesn't convert from a store-supported type! You might wanna check you annotation setup at the converter implementation.
2020-11-20 12:22:44.236  INFO 37876 --- [    Test worker] o.s.b.w.embedded.tomcat.TomcatWebServer  : Tomcat started on port(s): 54167 (http) with context path ''
2020-11-20 12:22:44.237  INFO 37876 --- [    Test worker] c.m.c.s.impl.EmployeeServiceImplTest     : Started EmployeeServiceImplTest in 1.508 seconds (JVM running for 7.341)
2020-11-20 12:22:44.383  INFO 37876 --- [o-auto-1-exec-1] o.a.c.c.C.[Tomcat].[localhost].[/]       : Initializing Spring DispatcherServlet 'dispatcherServlet'
2020-11-20 12:22:44.383  INFO 37876 --- [o-auto-1-exec-1] o.s.web.servlet.DispatcherServlet        : Initializing Servlet 'dispatcherServlet'
2020-11-20 12:22:44.405  INFO 37876 --- [o-auto-1-exec-1] o.s.web.servlet.DispatcherServlet        : Completed initialization in 22 ms
2020-11-20 12:22:44.462 DEBUG 37876 --- [o-auto-1-exec-1] c.m.c.controller.EmployeeController      : Received employee create request for [com.mindex.challenge.data.Employee@7bcb752]
2020-11-20 12:22:44.463 DEBUG 37876 --- [o-auto-1-exec-1] c.m.c.service.impl.EmployeeServiceImpl   : Creating employee [com.mindex.challenge.data.Employee@7bcb752]
2020-11-20 12:22:44.494 DEBUG 37876 --- [o-auto-1-exec-2] c.m.c.controller.EmployeeController      : Received employee create request for id [ab1a22ae-e55f-48e5-a200-7e1cc8c4717c]
2020-11-20 12:22:44.494 DEBUG 37876 --- [o-auto-1-exec-2] c.m.c.service.impl.EmployeeServiceImpl   : Creating employee with id [ab1a22ae-e55f-48e5-a200-7e1cc8c4717c]
2020-11-20 12:22:44.505 DEBUG 37876 --- [o-auto-1-exec-3] c.m.c.controller.EmployeeController      : Received employee create request for id [ab1a22ae-e55f-48e5-a200-7e1cc8c4717c] and employee [com.mindex.challenge.data.Employee@5b2006d5]
2020-11-20 12:22:44.505 DEBUG 37876 --- [o-auto-1-exec-3] c.m.c.service.impl.EmployeeServiceImpl   : Updating employee [com.mindex.challenge.data.Employee@5b2006d5]
]]></system-out>
  <system-err><![CDATA[]]></system-err>
</testsuite>
