<?xml version="1.0" encoding="UTF-8"?>
<testsuite name="com.mindex.challenge.DataBootstrapTest" tests="1" skipped="0" failures="0" errors="0" timestamp="2020-11-20T17:22:42" hostname="LAPTOP-U0J2GBDT" time="0.087">
  <properties/>
  <testcase name="test" classname="com.mindex.challenge.DataBootstrapTest" time="0.087"/>
  <system-out><![CDATA[2020-11-20 12:22:42.558  INFO 37876 --- [    Test worker] .b.t.c.SpringBootTestContextBootstrapper : Neither @ContextConfiguration nor @ContextHierarchy found for test class [com.mindex.challenge.DataBootstrapTest], using SpringBootContextLoader
2020-11-20 12:22:42.560  INFO 37876 --- [    Test worker] o.s.t.c.support.AbstractContextLoader    : Could not detect default resource locations for test class [com.mindex.challenge.DataBootstrapTest]: no resource found for suffixes {-context.xml, Context.groovy}.
2020-11-20 12:22:42.561  INFO 37876 --- [    Test worker] t.c.s.AnnotationConfigContextLoaderUtils : Could not detect default configuration classes for test class [com.mindex.challenge.DataBootstrapTest]: DataBootstrapTest does not declare any static, non-private, non-final, nested classes annotated with @Configuration.
2020-11-20 12:22:42.566  INFO 37876 --- [    Test worker] .b.t.c.SpringBootTestContextBootstrapper : Found @SpringBootConfiguration com.mindex.challenge.ChallengeApplication for test class com.mindex.challenge.DataBootstrapTest
2020-11-20 12:22:42.572  INFO 37876 --- [    Test worker] .b.t.c.SpringBootTestContextBootstrapper : Loaded default TestExecutionListener class names from location [META-INF/spring.factories]: [org.springframework.boot.test.autoconfigure.restdocs.RestDocsTestExecutionListener, org.springframework.boot.test.autoconfigure.web.client.MockRestServiceServerResetTestExecutionListener, org.springframework.boot.test.autoconfigure.web.servlet.MockMvcPrintOnlyOnFailureTestExecutionListener, org.springframework.boot.test.autoconfigure.web.servlet.WebDriverTestExecutionListener, org.springframework.boot.test.mock.mockito.MockitoTestExecutionListener, org.springframework.boot.test.mock.mockito.ResetMocksTestExecutionListener, org.springframework.test.context.web.ServletTestExecutionListener, org.springframework.test.context.support.DirtiesContextBeforeModesTestExecutionListener, org.springframework.test.context.support.DependencyInjectionTestExecutionListener, org.springframework.test.context.support.DirtiesContextTestExecutionListener, org.springframework.test.context.transaction.TransactionalTestExecutionListener, org.springframework.test.context.jdbc.SqlScriptsTestExecutionListener, org.springframework.test.context.event.EventPublishingTestExecutionListener]
2020-11-20 12:22:42.573  INFO 37876 --- [    Test worker] .b.t.c.SpringBootTestContextBootstrapper : Using TestExecutionListeners: [org.springframework.test.context.web.ServletTestExecutionListener@722f543, org.springframework.test.context.support.DirtiesContextBeforeModesTestExecutionListener@3a95f7ba, org.springframework.boot.test.mock.mockito.MockitoTestExecutionListener@3b5411a3, org.springframework.boot.test.autoconfigure.SpringBootDependencyInjectionTestExecutionListener@7c724272, org.springframework.test.context.support.DirtiesContextTestExecutionListener@6cea2852, org.springframework.test.context.transaction.TransactionalTestExecutionListener@79d72a52, org.springframework.test.context.jdbc.SqlScriptsTestExecutionListener@6215f5c2, org.springframework.test.context.event.EventPublishingTestExecutionListener@c9a4a20, org.springframework.boot.test.autoconfigure.restdocs.RestDocsTestExecutionListener@310f4b59, org.springframework.boot.test.autoconfigure.web.client.MockRestServiceServerResetTestExecutionListener@714a6290, org.springframework.boot.test.autoconfigure.web.servlet.MockMvcPrintOnlyOnFailureTestExecutionListener@3c3c329e, org.springframework.boot.test.autoconfigure.web.servlet.WebDriverTestExecutionListener@62a9a473, org.springframework.boot.test.mock.mockito.ResetMocksTestExecutionListener@29376efc]
]]></system-out>
  <system-err><![CDATA[]]></system-err>
</testsuite>
